{"/home/rivendel/projects/coding-challenges/string-and-arrays/challenge_1/java-script/uniqueChars.js": {"path":"/home/rivendel/projects/coding-challenges/string-and-arrays/challenge_1/java-script/uniqueChars.js","statementMap":{"0":{"start":{"line":3,"column":4},"end":{"line":3,"column":83}},"1":{"start":{"line":7,"column":0},"end":{"line":7,"column":29}}},"fnMap":{"0":{"name":"(anonymous_0)","decl":{"start":{"line":2,"column":2},"end":{"line":2,"column":3}},"loc":{"start":{"line":2,"column":25},"end":{"line":4,"column":3}},"line":2}},"branchMap":{"0":{"loc":{"start":{"line":3,"column":11},"end":{"line":3,"column":82}},"type":"binary-expr","locations":[{"start":{"line":3,"column":11},"end":{"line":3,"column":26}},{"start":{"line":3,"column":31},"end":{"line":3,"column":81}}],"line":3}},"s":{"0":5,"1":1},"f":{"0":5},"b":{"0":[5,2]},"_coverageSchema":"332fd63041d2c1bcb487cc26dd0d5f7d97098a6c","hash":"eefc69e8f2818bfbbaed12c6d4e8831d41a6f3f8"}
}
